<?xml version="1.0" encoding="UTF-8"?>
<!-- Generated by org.testng.reporters.JUnitXMLReporter -->
<testsuite ignored="0" hostname="DESKTOP-MNQ3CLO" failures="0" tests="4" name="Default test" time="73.676" errors="0" timestamp="2023-12-28T11:25:17 IST">
  <testcase classname="testcases.CheckOut_Page1_Test" name="inputInfoTest" time="0.63"/>
  <testcase classname="testcases.CheckOut_Page1_Test" name="verifyLableOfCheckoutPageTest" time="0.065"/>
  <testcase classname="testcases.CheckOut_Page1_Test" name="verifyURLofCheckoutpage1Test" time="0.017"/>
  <testcase classname="testcases.CheckOut_Page1_Test" name="verifycancelbuttonTest" time="0.118"/>
</testsuite> <!-- Default test -->
