<?xml version="1.0" encoding="UTF-8"?>
<testng-results ignored="0" total="4" passed="4" failed="0" skipped="0">
  <reporter-output>
    <line>
      <![CDATA[after pressing continue button we get=https://www.saucedemo.com/checkout-step-two.html]]>
    </line>
    <line>
      <![CDATA[URL of the Checkoutpage1 is=https://www.saucedemo.com/checkout-step-one.html]]>
    </line>
    <line>
      <![CDATA[after pressing cancel button we get =https://www.saucedemo.com/cart.html]]>
    </line>
  </reporter-output>
  <suite started-at="2023-12-28T11:24:03 IST" name="Default suite" finished-at="2023-12-28T11:25:17 IST" duration-ms="73676">
    <groups>
    </groups>
    <test started-at="2023-12-28T11:24:03 IST" name="Default test" finished-at="2023-12-28T11:25:17 IST" duration-ms="73676">
      <class name="testcases.CheckOut_Page1_Test">
        <test-method is-config="true" signature="setUp()[pri:0, instance:testcases.CheckOut_Page1_Test@4a83a74a]" started-at="2023-12-28T11:24:03 IST" name="setUp" finished-at="2023-12-28T11:24:18 IST" duration-ms="15068" status="PASS">
          <reporter-output>
          </reporter-output>
        </test-method> <!-- setUp -->
        <test-method signature="inputInfoTest()[pri:0, instance:testcases.CheckOut_Page1_Test@4a83a74a]" started-at="2023-12-28T11:24:18 IST" name="inputInfoTest" finished-at="2023-12-28T11:24:19 IST" duration-ms="630" status="PASS">
          <reporter-output>
            <line>
              <![CDATA[after pressing continue button we get=https://www.saucedemo.com/checkout-step-two.html]]>
            </line>
          </reporter-output>
        </test-method> <!-- inputInfoTest -->
        <test-method is-config="true" signature="closeBrowser(org.testng.ITestResult)[pri:0, instance:testcases.CheckOut_Page1_Test@4a83a74a]" started-at="2023-12-28T11:24:19 IST" name="closeBrowser" finished-at="2023-12-28T11:24:20 IST" duration-ms="505" status="PASS">
          <params>
            <param index="0">
              <value>
                <![CDATA[[TestResult name=inputInfoTest status=SUCCESS method=CheckOut_Page1_Test.inputInfoTest()[pri:0, instance:testcases.CheckOut_Page1_Test@4a83a74a] output=after pressing continue button we get=https://www.saucedemo.com/checkout-step-two.html]]]>
              </value>
            </param>
          </params>
          <reporter-output>
          </reporter-output>
        </test-method> <!-- closeBrowser -->
        <test-method is-config="true" signature="setUp()[pri:0, instance:testcases.CheckOut_Page1_Test@4a83a74a]" started-at="2023-12-28T11:24:20 IST" name="setUp" finished-at="2023-12-28T11:24:49 IST" duration-ms="29102" status="PASS">
          <reporter-output>
          </reporter-output>
        </test-method> <!-- setUp -->
        <test-method signature="verifyLableOfCheckoutPageTest()[pri:0, instance:testcases.CheckOut_Page1_Test@4a83a74a]" started-at="2023-12-28T11:24:49 IST" name="verifyLableOfCheckoutPageTest" finished-at="2023-12-28T11:24:49 IST" duration-ms="65" status="PASS">
          <reporter-output>
          </reporter-output>
        </test-method> <!-- verifyLableOfCheckoutPageTest -->
        <test-method is-config="true" signature="closeBrowser(org.testng.ITestResult)[pri:0, instance:testcases.CheckOut_Page1_Test@4a83a74a]" started-at="2023-12-28T11:24:49 IST" name="closeBrowser" finished-at="2023-12-28T11:24:49 IST" duration-ms="351" status="PASS">
          <params>
            <param index="0">
              <value>
                <![CDATA[[TestResult name=verifyLableOfCheckoutPageTest status=SUCCESS method=CheckOut_Page1_Test.verifyLableOfCheckoutPageTest()[pri:0, instance:testcases.CheckOut_Page1_Test@4a83a74a] output={null}]]]>
              </value>
            </param>
          </params>
          <reporter-output>
          </reporter-output>
        </test-method> <!-- closeBrowser -->
        <test-method is-config="true" signature="setUp()[pri:0, instance:testcases.CheckOut_Page1_Test@4a83a74a]" started-at="2023-12-28T11:24:49 IST" name="setUp" finished-at="2023-12-28T11:25:02 IST" duration-ms="12806" status="PASS">
          <reporter-output>
          </reporter-output>
        </test-method> <!-- setUp -->
        <test-method signature="verifyURLofCheckoutpage1Test()[pri:0, instance:testcases.CheckOut_Page1_Test@4a83a74a]" started-at="2023-12-28T11:25:02 IST" name="verifyURLofCheckoutpage1Test" finished-at="2023-12-28T11:25:02 IST" duration-ms="17" status="PASS">
          <reporter-output>
            <line>
              <![CDATA[URL of the Checkoutpage1 is=https://www.saucedemo.com/checkout-step-one.html]]>
            </line>
          </reporter-output>
        </test-method> <!-- verifyURLofCheckoutpage1Test -->
        <test-method is-config="true" signature="closeBrowser(org.testng.ITestResult)[pri:0, instance:testcases.CheckOut_Page1_Test@4a83a74a]" started-at="2023-12-28T11:25:02 IST" name="closeBrowser" finished-at="2023-12-28T11:25:02 IST" duration-ms="447" status="PASS">
          <params>
            <param index="0">
              <value>
                <![CDATA[[TestResult name=verifyURLofCheckoutpage1Test status=SUCCESS method=CheckOut_Page1_Test.verifyURLofCheckoutpage1Test()[pri:0, instance:testcases.CheckOut_Page1_Test@4a83a74a] output=URL of the Checkoutpage1 is=https://www.saucedemo.com/checkout-step-one.html]]]>
              </value>
            </param>
          </params>
          <reporter-output>
          </reporter-output>
        </test-method> <!-- closeBrowser -->
        <test-method is-config="true" signature="setUp()[pri:0, instance:testcases.CheckOut_Page1_Test@4a83a74a]" started-at="2023-12-28T11:25:02 IST" name="setUp" finished-at="2023-12-28T11:25:16 IST" duration-ms="13898" status="PASS">
          <reporter-output>
          </reporter-output>
        </test-method> <!-- setUp -->
        <test-method signature="verifycancelbuttonTest()[pri:0, instance:testcases.CheckOut_Page1_Test@4a83a74a]" started-at="2023-12-28T11:25:16 IST" name="verifycancelbuttonTest" finished-at="2023-12-28T11:25:16 IST" duration-ms="118" status="PASS">
          <reporter-output>
            <line>
              <![CDATA[after pressing cancel button we get =https://www.saucedemo.com/cart.html]]>
            </line>
          </reporter-output>
        </test-method> <!-- verifycancelbuttonTest -->
        <test-method is-config="true" signature="closeBrowser(org.testng.ITestResult)[pri:0, instance:testcases.CheckOut_Page1_Test@4a83a74a]" started-at="2023-12-28T11:25:16 IST" name="closeBrowser" finished-at="2023-12-28T11:25:17 IST" duration-ms="568" status="PASS">
          <params>
            <param index="0">
              <value>
                <![CDATA[[TestResult name=verifycancelbuttonTest status=SUCCESS method=CheckOut_Page1_Test.verifycancelbuttonTest()[pri:0, instance:testcases.CheckOut_Page1_Test@4a83a74a] output=after pressing cancel button we get =https://www.saucedemo.com/cart.html]]]>
              </value>
            </param>
          </params>
          <reporter-output>
          </reporter-output>
        </test-method> <!-- closeBrowser -->
      </class> <!-- testcases.CheckOut_Page1_Test -->
    </test> <!-- Default test -->
  </suite> <!-- Default suite -->
</testng-results>
